<?xml version="1.0" encoding="UTF-8"?>
<!-- Generated by org.testng.reporters.JUnitReportReporter -->
<testsuite hostname="DABBA" failures="0" tests="1" name="TestRunner" time="0.168" errors="0" timestamp="12 Jun 2018 22:12:06 GMT" skipped="0">
  <testcase classname="TestRunner" name="feature" time="0.168"/>
</testsuite> <!-- TestRunner -->
